\BOOKMARK [1][-]{section.1}{Tri par s\351lection V2}{}% 1
\BOOKMARK [2][-]{subsection.1.1}{Fonctionnement}{section.1}% 2
\BOOKMARK [2][-]{subsection.1.2}{Rapidit\351 du tri}{section.1}% 3
\BOOKMARK [2][-]{subsection.1.3}{Complexit\351 de la fonction}{section.1}% 4
\BOOKMARK [1][-]{section.2}{Tri du nain de jardin optimis\351}{}% 5
\BOOKMARK [2][-]{subsection.2.1}{Fonctionnement}{section.2}% 6
\BOOKMARK [2][-]{subsection.2.2}{Rapidit\351 du tri}{section.2}% 7
\BOOKMARK [2][-]{subsection.2.3}{Complexit\351 de la fonction}{section.2}% 8
\BOOKMARK [1][-]{section.3}{Tri patience versions 1 et 2}{}% 9
\BOOKMARK [2][-]{subsection.3.1}{Fonctionnement}{section.3}% 10
\BOOKMARK [2][-]{subsection.3.2}{Rapidit\351 du tri\137patience\137v1}{section.3}% 11
\BOOKMARK [2][-]{subsection.3.3}{Rapidit\351 du tri\137patience\137v2}{section.3}% 12
\BOOKMARK [2][-]{subsection.3.4}{Complexit\351 de la fonction}{section.3}% 13
\BOOKMARK [1][-]{section.4}{Tri fusion}{}% 14
\BOOKMARK [2][-]{subsection.4.1}{Fonctionnement}{section.4}% 15
\BOOKMARK [2][-]{subsection.4.2}{Rapidit\351 du tri}{section.4}% 16
\BOOKMARK [2][-]{subsection.4.3}{Complexit\351 de la fonction}{section.4}% 17
\BOOKMARK [1][-]{section.5}{Recherche d'\351l\351ments dans une liste tri\351e}{}% 18
\BOOKMARK [2][-]{subsection.5.1}{Recherche dichotomique}{section.5}% 19
\BOOKMARK [2][-]{subsection.5.2}{Fonctionnement}{section.5}% 20
\BOOKMARK [2][-]{subsection.5.3}{Rapidit\351 de la fonction}{section.5}% 21
\BOOKMARK [2][-]{subsection.5.4}{Recherche s\351quentielle}{section.5}% 22
\BOOKMARK [2][-]{subsection.5.5}{Fonctionnement}{section.5}% 23
\BOOKMARK [2][-]{subsection.5.6}{Rapidit\351 de la fonction}{section.5}% 24
\BOOKMARK [1][-]{section.6}{Conclusion}{}% 25
